c:\users\lsh95\documents\github\qtprojecttest\qtproject\x64\release\qrc_qtproject.obj
c:\users\lsh95\documents\github\qtprojecttest\qtproject\x64\release\moc_qtproject.obj
c:\users\lsh95\documents\github\qtprojecttest\qtproject\x64\release\qtproject.obj
c:\users\lsh95\documents\github\qtprojecttest\qtproject\x64\release\main.obj
c:\users\lsh95\documents\github\qtprojecttest\x64\release\qtproject.exe
c:\users\lsh95\documents\github\qtprojecttest\qtproject\x64\release\\moc\moc_qtproject.cpp
c:\users\lsh95\documents\github\qtprojecttest\qtproject\x64\release\uic\ui_qtproject.h
c:\users\lsh95\documents\github\qtprojecttest\qtproject\x64\release\rcc\qrc_qtproject.cpp
c:\users\lsh95\documents\github\qtprojecttest\qtproject\x64\release\moc\moc_qtproject.cpp
c:\users\lsh95\documents\github\qtprojecttest\qtproject\x64\release\\rcc\qrc_qtproject.cpp
c:\users\lsh95\documents\github\qtprojecttest\qtproject\x64\release\\uic\ui_qtproject.h
c:\users\lsh95\documents\github\qtprojecttest\qtproject\x64\release\qtproject.tlog\cl.command.1.tlog
c:\users\lsh95\documents\github\qtprojecttest\qtproject\x64\release\qtproject.tlog\cl.read.1.tlog
c:\users\lsh95\documents\github\qtprojecttest\qtproject\x64\release\qtproject.tlog\cl.write.1.tlog
c:\users\lsh95\documents\github\qtprojecttest\qtproject\x64\release\qtproject.tlog\link.command.1.tlog
c:\users\lsh95\documents\github\qtprojecttest\qtproject\x64\release\qtproject.tlog\link.read.1.tlog
c:\users\lsh95\documents\github\qtprojecttest\qtproject\x64\release\qtproject.tlog\link.write.1.tlog
c:\users\lsh95\documents\github\qtprojecttest\qtproject\x64\release\qtproject.tlog\moc.read.1u.tlog
c:\users\lsh95\documents\github\qtprojecttest\qtproject\x64\release\qtproject.tlog\moc.write.1u.tlog
c:\users\lsh95\documents\github\qtprojecttest\qtproject\x64\release\qtproject.tlog\qtproject.write.1u.tlog
c:\users\lsh95\documents\github\qtprojecttest\qtproject\x64\release\qtproject.tlog\rcc.read.1u.tlog
c:\users\lsh95\documents\github\qtprojecttest\qtproject\x64\release\qtproject.tlog\rcc.write.1u.tlog
c:\users\lsh95\documents\github\qtprojecttest\qtproject\x64\release\qtproject.tlog\uic.read.1u.tlog
c:\users\lsh95\documents\github\qtprojecttest\qtproject\x64\release\qtproject.tlog\uic.write.1u.tlog
