c:\users\lsh95\documents\github\qtprojecttest\qtproject\x64\debug\qrc_qtproject.obj
c:\users\lsh95\documents\github\qtprojecttest\qtproject\x64\debug\moc_qtproject.obj
c:\users\lsh95\documents\github\qtprojecttest\qtproject\x64\debug\vc142.pdb
c:\users\lsh95\documents\github\qtprojecttest\qtproject\x64\debug\main.obj
c:\users\lsh95\documents\github\qtprojecttest\qtproject\x64\debug\qtproject.obj
c:\users\lsh95\documents\github\qtprojecttest\qtproject\x64\debug\\moc\moc_qtproject.cpp
c:\users\lsh95\documents\github\qtprojecttest\qtproject\x64\debug\uic\ui_qtproject.h
c:\users\lsh95\documents\github\qtprojecttest\qtproject\x64\debug\rcc\qrc_qtproject.cpp
c:\users\lsh95\documents\github\qtprojecttest\qtproject\x64\debug\moc\moc_qtproject.cpp
c:\users\lsh95\documents\github\qtprojecttest\qtproject\x64\debug\\rcc\qrc_qtproject.cpp
c:\users\lsh95\documents\github\qtprojecttest\qtproject\x64\debug\\uic\ui_qtproject.h
c:\users\lsh95\documents\github\qtprojecttest\x64\debug\qtproject.pdb
c:\users\lsh95\documents\github\qtprojecttest\qtproject\x64\debug\qtproject.tlog\cl.command.1.tlog
c:\users\lsh95\documents\github\qtprojecttest\qtproject\x64\debug\qtproject.tlog\cl.read.1.tlog
c:\users\lsh95\documents\github\qtprojecttest\qtproject\x64\debug\qtproject.tlog\cl.write.1.tlog
c:\users\lsh95\documents\github\qtprojecttest\qtproject\x64\debug\qtproject.tlog\link-cvtres.read.1.tlog
c:\users\lsh95\documents\github\qtprojecttest\qtproject\x64\debug\qtproject.tlog\link-cvtres.write.1.tlog
c:\users\lsh95\documents\github\qtprojecttest\qtproject\x64\debug\qtproject.tlog\link-rc.read.1.tlog
c:\users\lsh95\documents\github\qtprojecttest\qtproject\x64\debug\qtproject.tlog\link-rc.write.1.tlog
c:\users\lsh95\documents\github\qtprojecttest\qtproject\x64\debug\qtproject.tlog\link.13220.delete.1.tlog
c:\users\lsh95\documents\github\qtprojecttest\qtproject\x64\debug\qtproject.tlog\link.13292.delete.1.tlog
c:\users\lsh95\documents\github\qtprojecttest\qtproject\x64\debug\qtproject.tlog\link.13388.delete.1.tlog
c:\users\lsh95\documents\github\qtprojecttest\qtproject\x64\debug\qtproject.tlog\link.13480.delete.1.tlog
c:\users\lsh95\documents\github\qtprojecttest\qtproject\x64\debug\qtproject.tlog\link.13696.delete.1.tlog
c:\users\lsh95\documents\github\qtprojecttest\qtproject\x64\debug\qtproject.tlog\link.15756.delete.1.tlog
c:\users\lsh95\documents\github\qtprojecttest\qtproject\x64\debug\qtproject.tlog\link.18832.delete.1.tlog
c:\users\lsh95\documents\github\qtprojecttest\qtproject\x64\debug\qtproject.tlog\link.1912.delete.1.tlog
c:\users\lsh95\documents\github\qtprojecttest\qtproject\x64\debug\qtproject.tlog\link.19684.delete.1.tlog
c:\users\lsh95\documents\github\qtprojecttest\qtproject\x64\debug\qtproject.tlog\link.19872.delete.1.tlog
c:\users\lsh95\documents\github\qtprojecttest\qtproject\x64\debug\qtproject.tlog\link.20196.delete.1.tlog
c:\users\lsh95\documents\github\qtprojecttest\qtproject\x64\debug\qtproject.tlog\link.2740.delete.1.tlog
c:\users\lsh95\documents\github\qtprojecttest\qtproject\x64\debug\qtproject.tlog\link.2788.delete.1.tlog
c:\users\lsh95\documents\github\qtprojecttest\qtproject\x64\debug\qtproject.tlog\link.2892.delete.1.tlog
c:\users\lsh95\documents\github\qtprojecttest\qtproject\x64\debug\qtproject.tlog\link.4636.delete.1.tlog
c:\users\lsh95\documents\github\qtprojecttest\qtproject\x64\debug\qtproject.tlog\link.7368.delete.1.tlog
c:\users\lsh95\documents\github\qtprojecttest\qtproject\x64\debug\qtproject.tlog\link.8260.delete.1.tlog
c:\users\lsh95\documents\github\qtprojecttest\qtproject\x64\debug\qtproject.tlog\link.9776.read.1.tlog
c:\users\lsh95\documents\github\qtprojecttest\qtproject\x64\debug\qtproject.tlog\link.9776.write.1.tlog
c:\users\lsh95\documents\github\qtprojecttest\qtproject\x64\debug\qtproject.tlog\link.command.1.tlog
c:\users\lsh95\documents\github\qtprojecttest\qtproject\x64\debug\qtproject.tlog\link.delete.1.tlog
c:\users\lsh95\documents\github\qtprojecttest\qtproject\x64\debug\qtproject.tlog\link.read.1.tlog
c:\users\lsh95\documents\github\qtprojecttest\qtproject\x64\debug\qtproject.tlog\link.write.1.tlog
c:\users\lsh95\documents\github\qtprojecttest\qtproject\x64\debug\qtproject.tlog\moc.read.1u.tlog
c:\users\lsh95\documents\github\qtprojecttest\qtproject\x64\debug\qtproject.tlog\moc.write.1u.tlog
c:\users\lsh95\documents\github\qtprojecttest\qtproject\x64\debug\qtproject.tlog\qtproject.write.1u.tlog
c:\users\lsh95\documents\github\qtprojecttest\qtproject\x64\debug\qtproject.tlog\rcc.read.1u.tlog
c:\users\lsh95\documents\github\qtprojecttest\qtproject\x64\debug\qtproject.tlog\rcc.write.1u.tlog
c:\users\lsh95\documents\github\qtprojecttest\qtproject\x64\debug\qtproject.tlog\uic.read.1u.tlog
c:\users\lsh95\documents\github\qtprojecttest\qtproject\x64\debug\qtproject.tlog\uic.write.1u.tlog
